Command line:
   flat_tb_isim_beh.exe
     -simmode  gui
     -simrunnum  0
     -socket  57111

Tue Mar 24 14:19:56 2026


 Elaboration Time: 0.09 sec

 Current Memory Usage: 221.774 Meg

 Total Signals          : 18
 Total Nets             : 12
 Total Signal Drivers   : 12
 Total Blocks           : 3
 Total Primitive Blocks : 2
 Total Processes        : 10
 Total Traceable Variables  : 8
 Total Scalar Nets and Variables : 372
Total Line Count : 27

 Total Simulation Time: 0.13 sec

 Current Memory Usage: 299.373 Meg

Tue Mar 24 14:20:21 2026

