Running: /opt/Xilinx/14.7/ISE_DS/ISE/bin/lin64/unwrapped/fuse -intstyle ise -incremental -o /home/ise/ise_projs/trabalho_1/projeto1/projeto1_tb_v2_isim_beh.exe -prj /home/ise/ise_projs/trabalho_1/projeto1/projeto1_tb_v2_beh.prj work.projeto1_tb_v2 
ISim P.20131013 (signature 0xfbc00daa)
Number of CPUs detected in this system: 3
Turning on mult-threading, number of parallel sub-compilation jobs: 6 
Determining compilation order of HDL files
Parsing VHDL file "/home/ise/ise_projs/trabalho_1/projeto1/projeto1_v2.vhd" into library work
Parsing VHDL file "/home/ise/ise_projs/trabalho_1/projeto1/projeto1_tb_v2.vhd" into library work
Starting static elaboration
Completed static elaboration
Fuse Memory Usage: 95304 KB
Fuse CPU Usage: 1110 ms
Compiling package standard
Compiling package std_logic_1164
Compiling architecture prim_proc2 of entity prim_proc2 [prim_proc2_default]
Compiling architecture behavior of entity projeto1_tb_v2
Time Resolution for simulation is 1ps.
Waiting for 1 sub-compilation(s) to finish...
Compiled 5 VHDL Units
Built simulation executable /home/ise/ise_projs/trabalho_1/projeto1/projeto1_tb_v2_isim_beh.exe
Fuse Memory Usage: 527888 KB
Fuse CPU Usage: 1200 ms
GCC CPU Usage: 380 ms
