Command line:
   fulladd_tb_isim_beh.exe
     -simmode  gui
     -simrunnum  0
     -socket  48830

Thu Mar 19 14:50:00 2026


 Elaboration Time: 0.13 sec

 Current Memory Usage: 221.876 Meg

 Total Signals          : 6
 Total Nets             : 12
 Total Signal Drivers   : 3
 Total Blocks           : 5
 Total Primitive Blocks : 4
 Total Processes        : 3
 Total Traceable Variables  : 10
 Total Scalar Nets and Variables : 390
Total Line Count : 3

 Total Simulation Time: 0.16 sec

 Current Memory Usage: 299.475 Meg

Thu Mar 19 14:55:58 2026

