Command line:
   latch_4inpts_tb_isim_beh.exe
     -simmode  gui
     -simrunnum  0
     -socket  49913

Tue Mar 24 20:13:56 2026


 Elaboration Time: 0.15 sec

 Current Memory Usage: 221.774 Meg

 Total Signals          : 42
 Total Nets             : 18
 Total Signal Drivers   : 18
 Total Blocks           : 6
 Total Primitive Blocks : 4
 Total Processes        : 18
 Total Traceable Variables  : 8
 Total Scalar Nets and Variables : 378
Total Line Count : 18

 Total Simulation Time: 0.2 sec

 Current Memory Usage: 299.373 Meg

Tue Mar 24 20:15:43 2026

