Running: /opt/Xilinx/14.7/ISE_DS/ISE/bin/lin64/unwrapped/fuse -relaunch -intstyle "ise" -incremental -o "/home/ise/ise_projs/halfadd/halfadd/halfadd_tb_isim_beh.exe" -prj "/home/ise/ise_projs/halfadd/halfadd/halfadd_tb_beh.prj" "work.halfadd_tb" 
ISim P.20131013 (signature 0xfbc00daa)
Number of CPUs detected in this system: 3
Turning on mult-threading, number of parallel sub-compilation jobs: 6 
Determining compilation order of HDL files
Parsing VHDL file "/home/ise/ise_projs/halfadd/halfadd/halfadd.vhd" into library work
Parsing VHDL file "/home/ise/ise_projs/halfadd/halfadd/halfadd_tb.vhd" into library work
Starting static elaboration
Completed static elaboration
Fuse Memory Usage: 95300 KB
Fuse CPU Usage: 1210 ms
Compiling package standard
Compiling package std_logic_1164
Compiling architecture comp of entity halfadd [halfadd_default]
Compiling architecture tb_architecture of entity halfadd_tb
Time Resolution for simulation is 1ps.
Waiting for 1 sub-compilation(s) to finish...
Compiled 5 VHDL Units
Built simulation executable /home/ise/ise_projs/halfadd/halfadd/halfadd_tb_isim_beh.exe
Fuse Memory Usage: 527872 KB
Fuse CPU Usage: 1350 ms
GCC CPU Usage: 260 ms
