ISim log file
Running: /home/ise/ise_projs/mips/MIPS_S_withBRAMs_noPer_tb_isim_beh.exe -intstyle ise -gui -tclbatch isim.cmd -wdb /home/ise/ise_projs/mips/MIPS_S_withBRAMs_noPer_tb_isim_beh.wdb 
ISim P.20131013 (signature 0xfbc00daa)
----------------------------------------------------------------------
WARNING:Security:42 - Your software subscription period has lapsed. Your current version of Xilinx tools will continue to function, but you no longer qualify for Xilinx software updates or new releases.


----------------------------------------------------------------------
This is a Full version of ISim.
Time resolution is 1 ps
# onerror resume
# wave add /
# run 2000 ns
Simulator is doing circuit initialization process.
at 0 ps, Instance /mips_s_withbrams_noper_tb/top/I_MIPS_S/cu/ : Warning: There is an 'U'|'X'|'W'|'Z'|'-' in an arithmetic operand, the result will be 'X'(es).
at 0 ps, Instance /mips_s_withbrams_noper_tb/top/I_MIPS_S/dp/REGS/ : Warning: CONV_INTEGER: There is an 'U'|'X'|'W'|'Z'|'-' in an arithmetic operand, and it has been converted to 0.
at 0 ps, Instance /mips_s_withbrams_noper_tb/top/I_MIPS_S/dp/REGS/ : Warning: CONV_INTEGER: There is an 'U'|'X'|'W'|'Z'|'-' in an arithmetic operand, and it has been converted to 0.
Finished circuit initialization process.
at 0 ps: Error: ******************* INVALID INSTRUCTION *************
at 20 ns(1), Instance /mips_s_withbrams_noper_tb/top/I_MIPS_S/dp/REGS/ : Warning: CONV_INTEGER: There is an 'U'|'X'|'W'|'Z'|'-' in an arithmetic operand, and it has been converted to 0.
at 20 ns(1), Instance /mips_s_withbrams_noper_tb/top/I_MIPS_S/dp/REGS/ : Warning: CONV_INTEGER: There is an 'U'|'X'|'W'|'Z'|'-' in an arithmetic operand, and it has been converted to 0.
# restart
# run 10.3us
Simulator is doing circuit initialization process.
at 0 ps, Instance /mips_s_withbrams_noper_tb/top/I_MIPS_S/dp/REGS/ : Warning: CONV_INTEGER: There is an 'U'|'X'|'W'|'Z'|'-' in an arithmetic operand, and it has been converted to 0.
at 0 ps, Instance /mips_s_withbrams_noper_tb/top/I_MIPS_S/dp/REGS/ : Warning: CONV_INTEGER: There is an 'U'|'X'|'W'|'Z'|'-' in an arithmetic operand, and it has been converted to 0.
Finished circuit initialization process.
at 0 ps: Error: ******************* INVALID INSTRUCTION *************
at 20 ns(1), Instance /mips_s_withbrams_noper_tb/top/I_MIPS_S/dp/REGS/ : Warning: CONV_INTEGER: There is an 'U'|'X'|'W'|'Z'|'-' in an arithmetic operand, and it has been converted to 0.
at 20 ns(1), Instance /mips_s_withbrams_noper_tb/top/I_MIPS_S/dp/REGS/ : Warning: CONV_INTEGER: There is an 'U'|'X'|'W'|'Z'|'-' in an arithmetic operand, and it has been converted to 0.
