Running: /opt/Xilinx/14.7/ISE_DS/ISE/bin/lin64/unwrapped/fuse -intstyle ise -incremental -o /home/ise/ise_projs/fulladd/fulladd/fulladd_tb_isim_beh.exe -prj /home/ise/ise_projs/fulladd/fulladd/fulladd_tb_beh.prj work.fulladd_tb 
ISim P.20131013 (signature 0xfbc00daa)
Number of CPUs detected in this system: 3
Turning on mult-threading, number of parallel sub-compilation jobs: 6 
Determining compilation order of HDL files
Parsing VHDL file "/home/ise/ise_projs/fulladd/fulladd/../fulladd.vhd" into library work
Parsing VHDL file "/home/ise/ise_projs/fulladd/fulladd/../fulladd_tb.vhd" into library work
Starting static elaboration
Completed static elaboration
Fuse Memory Usage: 96644 KB
Fuse CPU Usage: 1140 ms
Compiling package standard
Compiling package std_logic_1164
Compiling package std_logic_arith
Compiling package std_logic_unsigned
Compiling architecture fulladd of entity fulladd [fulladd_default]
Compiling architecture fulladd_tb of entity fulladd_tb
Time Resolution for simulation is 1ps.
Waiting for 1 sub-compilation(s) to finish...
Compiled 7 VHDL Units
Built simulation executable /home/ise/ise_projs/fulladd/fulladd/fulladd_tb_isim_beh.exe
Fuse Memory Usage: 535800 KB
Fuse CPU Usage: 1520 ms
GCC CPU Usage: 2750 ms
