Running: /opt/Xilinx/14.7/ISE_DS/ISE/bin/lin64/unwrapped/fuse -intstyle ise -incremental -o /home/ise/ise_projs/Trabalho2_HDL/tb_cron_dec_isim_beh.exe -prj /home/ise/ise_projs/Trabalho2_HDL/tb_cron_dec_beh.prj work.tb_cron_dec 
ISim P.20131013 (signature 0xfbc00daa)
Number of CPUs detected in this system: 3
Turning on mult-threading, number of parallel sub-compilation jobs: 6 
Determining compilation order of HDL files
Parsing VHDL file "/home/ise/ise_projs/Trabalho2_HDL/../trabalho_2/fsm_cron.vhd" into library work
Parsing VHDL file "/home/ise/ise_projs/Trabalho2_HDL/../trabalho_2/dspl_drv.vhd" into library work
Parsing VHDL file "/home/ise/ise_projs/Trabalho2_HDL/../trabalho_2/divisor_clock.vhd" into library work
Parsing VHDL file "/home/ise/ise_projs/Trabalho2_HDL/../trabalho_2/contador_dec.vhd" into library work
Parsing VHDL file "/home/ise/ise_projs/Trabalho2_HDL/../trabalho_2/top.vhd" into library work
Parsing VHDL file "/home/ise/ise_projs/Trabalho2_HDL/../trabalho_2/top_tb.vhd" into library work
Starting static elaboration
Completed static elaboration
Fuse Memory Usage: 98460 KB
Fuse CPU Usage: 1330 ms
Compiling package standard
Compiling package std_logic_1164
Compiling package numeric_std
Compiling package std_logic_arith
Compiling package std_logic_unsigned
Compiling architecture behavior of entity divisor_clock [\divisor_clock(4)\]
Compiling architecture behavior of entity fsm_cron [fsm_cron_default]
Compiling architecture behavior of entity contador_dec [contador_dec_default]
Compiling architecture dspl_drv of entity dspl_drv [dspl_drv_default]
Compiling architecture cron_dec of entity cron_dec [\cron_dec(4)\]
Compiling architecture tb_cron_dec of entity tb_cron_dec
Time Resolution for simulation is 1ps.
Compiled 16 VHDL Units
Built simulation executable /home/ise/ise_projs/Trabalho2_HDL/tb_cron_dec_isim_beh.exe
Fuse Memory Usage: 541264 KB
Fuse CPU Usage: 1760 ms
GCC CPU Usage: 970 ms
