Command line:
   nand3i_tb_isim_beh.exe
     -simmode  gui
     -simrunnum  0
     -socket  35497

Tue Mar 24 20:09:32 2026


 Elaboration Time: 0.1 sec

 Current Memory Usage: 221.77 Meg

 Total Signals          : 42
 Total Nets             : 12
 Total Signal Drivers   : 12
 Total Blocks           : 9
 Total Primitive Blocks : 7
 Total Processes        : 12
 Total Traceable Variables  : 8
 Total Scalar Nets and Variables : 372
Total Line Count : 12

 Total Simulation Time: 0.21 sec

 Current Memory Usage: 299.368 Meg

Tue Mar 24 20:11:04 2026

