Running: /opt/Xilinx/14.7/ISE_DS/ISE/bin/lin64/unwrapped/fuse -intstyle ise -incremental -o /home/ise/ise_projs/trabalho_3/tb_fsm_isim_beh.exe -prj /home/ise/ise_projs/trabalho_3/tb_fsm_beh.prj work.tb_fsm 
ISim P.20131013 (signature 0xfbc00daa)
Number of CPUs detected in this system: 3
Turning on mult-threading, number of parallel sub-compilation jobs: 6 
Determining compilation order of HDL files
Parsing VHDL file "/home/ise/ise_projs/trabalho_3/fsm.vhd" into library work
Parsing VHDL file "/home/ise/ise_projs/trabalho_3/fsm_tb.vhd" into library work
Starting static elaboration
Completed static elaboration
Fuse Memory Usage: 95320 KB
Fuse CPU Usage: 1260 ms
Compiling package standard
Compiling package std_logic_1164
Compiling architecture behavior of entity fsm [fsm_default]
Compiling architecture behavior of entity tb_fsm
Time Resolution for simulation is 1ps.
Waiting for 1 sub-compilation(s) to finish...
Compiled 5 VHDL Units
Built simulation executable /home/ise/ise_projs/trabalho_3/tb_fsm_isim_beh.exe
Fuse Memory Usage: 527936 KB
Fuse CPU Usage: 1390 ms
GCC CPU Usage: 350 ms
