--------------------------------------------------------------------------------
Release 14.7 Trace  (lin64)
Copyright (c) 1995-2013 Xilinx, Inc.  All rights reserved.

/opt/Xilinx/14.7/ISE_DS/ISE/bin/lin64/unwrapped/trce -intstyle ise -v 3 -s 4 -n
3 -fastpaths -xml top_cron_basq.twx top_cron_basq.ncd -o top_cron_basq.twr
top_cron_basq.pcf -ucf pins.ucf

Design file:              top_cron_basq.ncd
Physical constraint file: top_cron_basq.pcf
Device,package,speed:     xc3s200,ft256,-4 (PRODUCTION 1.39 2013-10-13)
Report level:             verbose report

Environment Variable      Effect 
--------------------      ------ 
NONE                      No environment variables were set
--------------------------------------------------------------------------------

INFO:Timing:2698 - No timing constraints found, doing default enumeration.
INFO:Timing:3412 - To improve timing, see the Timing Closure User Guide (UG612).
INFO:Timing:2752 - To get complete path coverage, use the unconstrained paths 
   option. All paths that are not constrained will be reported in the 
   unconstrained paths section(s) of the report.
INFO:Timing:3339 - The clock-to-out numbers in this timing report are based on 
   a 50 Ohm transmission line loading model.  For the details of this model, 
   and for more information on accounting for different loading conditions, 
   please see the device datasheet.
INFO:Timing:3390 - This architecture does not support a default System Jitter 
   value, please add SYSTEM_JITTER constraint to the UCF to modify the Clock 
   Uncertainty calculation.
INFO:Timing:3389 - This architecture does not support 'Discrete Jitter' and 
   'Phase Error' calculations, these terms will be zero in the Clock 
   Uncertainty calculation.  Please make appropriate modification to 
   SYSTEM_JITTER to account for the unsupported Discrete Jitter and Phase 
   Error.



Data Sheet report:
-----------------
All values displayed in nanoseconds (ns)

Setup/Hold to clock clock
---------------+------------+------------+------------------+--------+
               |Max Setup to|Max Hold to |                  | Clock  |
Source         | clk (edge) | clk (edge) |Internal Clock(s) | Phase  |
---------------+------------+------------+------------------+--------+
c_min<0>       |    3.717(R)|   -1.506(R)|clock_BUFGP       |   0.000|
c_min<1>       |    3.151(R)|   -1.053(R)|clock_BUFGP       |   0.000|
c_min<2>       |    4.724(R)|   -0.983(R)|clock_BUFGP       |   0.000|
c_min<3>       |    4.342(R)|   -1.080(R)|clock_BUFGP       |   0.000|
c_quarto<0>    |    2.607(R)|   -0.618(R)|clock_BUFGP       |   0.000|
c_quarto<1>    |    1.713(R)|    0.097(R)|clock_BUFGP       |   0.000|
c_seg<0>       |    5.443(R)|   -1.508(R)|clock_BUFGP       |   0.000|
c_seg<1>       |    3.736(R)|    0.047(R)|clock_BUFGP       |   0.000|
carga          |    1.792(F)|    0.035(F)|clock_BUFGP       |   0.000|
modo_novoquarto|    5.229(R)|   -0.939(R)|clock_BUFGP       |   0.000|
               |    1.651(F)|    0.147(F)|clock_BUFGP       |   0.000|
para_continua  |    2.038(F)|   -0.162(F)|clock_BUFGP       |   0.000|
---------------+------------+------------+------------------+--------+

Setup/Hold to clock reset
---------------+------------+------------+------------------+--------+
               |Max Setup to|Max Hold to |                  | Clock  |
Source         | clk (edge) | clk (edge) |Internal Clock(s) | Phase  |
---------------+------------+------------+------------------+--------+
modo_novoquarto|   -1.911(F)|    4.625(F)|reset_IBUF        |   0.000|
---------------+------------+------------+------------------+--------+

Clock clock to Pad
--------------+------------+------------------+--------+
              | clk (edge) |                  | Clock  |
Destination   |   to PAD   |Internal Clock(s) | Phase  |
--------------+------------+------------------+--------+
led_minutos<0>|   10.168(R)|clock_BUFGP       |   0.000|
led_minutos<1>|    9.913(R)|clock_BUFGP       |   0.000|
led_minutos<2>|   10.211(R)|clock_BUFGP       |   0.000|
led_minutos<3>|    9.332(R)|clock_BUFGP       |   0.000|
led_quarto<0> |   11.242(R)|clock_BUFGP       |   0.000|
led_quarto<1> |   12.049(R)|clock_BUFGP       |   0.000|
led_quarto<2> |   12.030(R)|clock_BUFGP       |   0.000|
led_quarto<3> |   11.909(R)|clock_BUFGP       |   0.000|
--------------+------------+------------------+--------+

Clock to Setup on destination clock clock
---------------+---------+---------+---------+---------+
               | Src:Rise| Src:Fall| Src:Rise| Src:Fall|
Source Clock   |Dest:Rise|Dest:Rise|Dest:Fall|Dest:Fall|
---------------+---------+---------+---------+---------+
clock          |    8.602|    5.279|    3.293|    2.894|
reset          |    7.651|    8.956|    3.642|    3.642|
---------------+---------+---------+---------+---------+

Clock to Setup on destination clock reset
---------------+---------+---------+---------+---------+
               | Src:Rise| Src:Fall| Src:Rise| Src:Fall|
Source Clock   |Dest:Rise|Dest:Rise|Dest:Fall|Dest:Fall|
---------------+---------+---------+---------+---------+
clock          |         |         |         |    2.389|
reset          |         |         |   -1.198|   -1.198|
---------------+---------+---------+---------+---------+


Analysis completed Wed Jun 10 01:58:05 2026 
--------------------------------------------------------------------------------

Trace Settings:
-------------------------
Trace Settings 

Peak Memory Usage: 320 MB



